2024-05-07T00:51:19.056+09:00  INFO 28392 --- [camtemBack] [restartedMain] c.c.camtemback.CamtemBackApplication     : Starting CamtemBackApplication using Java 17.0.9 with PID 28392 (C:\folder\campingback\build\classes\java\main started by treas in C:\folder\campingback)
2024-05-07T00:51:19.057+09:00  INFO 28392 --- [camtemBack] [restartedMain] c.c.camtemback.CamtemBackApplication     : No active profile set, falling back to 1 default profile: "default"
2024-05-07T00:51:19.090+09:00  INFO 28392 --- [camtemBack] [restartedMain] .e.DevToolsPropertyDefaultsPostProcessor : Devtools property defaults active! Set 'spring.devtools.add-properties' to 'false' to disable
2024-05-07T00:51:19.090+09:00  INFO 28392 --- [camtemBack] [restartedMain] .e.DevToolsPropertyDefaultsPostProcessor : For additional web related logging consider setting the 'logging.level.web' property to 'DEBUG'
2024-05-07T00:51:19.742+09:00  INFO 28392 --- [camtemBack] [restartedMain] o.s.b.w.embedded.tomcat.TomcatWebServer  : Tomcat initialized with port 8080 (http)
2024-05-07T00:51:19.752+09:00  INFO 28392 --- [camtemBack] [restartedMain] o.apache.catalina.core.StandardService   : Starting service [Tomcat]
2024-05-07T00:51:19.753+09:00  INFO 28392 --- [camtemBack] [restartedMain] o.apache.catalina.core.StandardEngine    : Starting Servlet engine: [Apache Tomcat/10.1.20]
2024-05-07T00:51:19.791+09:00  INFO 28392 --- [camtemBack] [restartedMain] o.a.c.c.C.[Tomcat].[localhost].[/]       : Initializing Spring embedded WebApplicationContext
2024-05-07T00:51:19.791+09:00  INFO 28392 --- [camtemBack] [restartedMain] w.s.c.ServletWebServerApplicationContext : Root WebApplicationContext: initialization completed in 683 ms
2024-05-07T00:51:20.074+09:00  INFO 28392 --- [camtemBack] [restartedMain] o.s.b.d.a.OptionalLiveReloadServer       : LiveReload server is running on port 35729
2024-05-07T00:51:20.105+09:00  INFO 28392 --- [camtemBack] [restartedMain] o.s.b.w.embedded.tomcat.TomcatWebServer  : Tomcat started on port 8080 (http) with context path ''
2024-05-07T00:51:20.112+09:00  INFO 28392 --- [camtemBack] [restartedMain] c.c.camtemback.CamtemBackApplication     : Started CamtemBackApplication in 1.339 seconds (process running for 1.815)
2024-05-07T00:51:32.142+09:00  INFO 28392 --- [camtemBack] [http-nio-8080-exec-1] o.a.c.c.C.[Tomcat].[localhost].[/]       : Initializing Spring DispatcherServlet 'dispatcherServlet'
2024-05-07T00:51:32.143+09:00  INFO 28392 --- [camtemBack] [http-nio-8080-exec-1] o.s.web.servlet.DispatcherServlet        : Initializing Servlet 'dispatcherServlet'
2024-05-07T00:51:32.144+09:00  INFO 28392 --- [camtemBack] [http-nio-8080-exec-1] o.s.web.servlet.DispatcherServlet        : Completed initialization in 1 ms
2024-05-07T00:53:17.632+09:00  INFO 12684 --- [camtemBack] [restartedMain] c.c.camtemback.CamtemBackApplication     : Starting CamtemBackApplication using Java 17.0.9 with PID 12684 (C:\folder\campingback\build\classes\java\main started by treas in C:\folder\campingback)
2024-05-07T00:53:17.634+09:00  INFO 12684 --- [camtemBack] [restartedMain] c.c.camtemback.CamtemBackApplication     : No active profile set, falling back to 1 default profile: "default"
2024-05-07T00:53:17.668+09:00  INFO 12684 --- [camtemBack] [restartedMain] .e.DevToolsPropertyDefaultsPostProcessor : Devtools property defaults active! Set 'spring.devtools.add-properties' to 'false' to disable
2024-05-07T00:53:17.668+09:00  INFO 12684 --- [camtemBack] [restartedMain] .e.DevToolsPropertyDefaultsPostProcessor : For additional web related logging consider setting the 'logging.level.web' property to 'DEBUG'
2024-05-07T00:53:18.318+09:00  INFO 12684 --- [camtemBack] [restartedMain] o.s.b.w.embedded.tomcat.TomcatWebServer  : Tomcat initialized with port 8080 (http)
2024-05-07T00:53:18.328+09:00  INFO 12684 --- [camtemBack] [restartedMain] o.apache.catalina.core.StandardService   : Starting service [Tomcat]
2024-05-07T00:53:18.328+09:00  INFO 12684 --- [camtemBack] [restartedMain] o.apache.catalina.core.StandardEngine    : Starting Servlet engine: [Apache Tomcat/10.1.20]
2024-05-07T00:53:18.362+09:00  INFO 12684 --- [camtemBack] [restartedMain] o.a.c.c.C.[Tomcat].[localhost].[/]       : Initializing Spring embedded WebApplicationContext
2024-05-07T00:53:18.362+09:00  INFO 12684 --- [camtemBack] [restartedMain] w.s.c.ServletWebServerApplicationContext : Root WebApplicationContext: initialization completed in 694 ms
2024-05-07T00:53:18.647+09:00  INFO 12684 --- [camtemBack] [restartedMain] o.s.b.d.a.OptionalLiveReloadServer       : LiveReload server is running on port 35729
2024-05-07T00:53:18.675+09:00  INFO 12684 --- [camtemBack] [restartedMain] o.s.b.w.embedded.tomcat.TomcatWebServer  : Tomcat started on port 8080 (http) with context path ''
2024-05-07T00:53:18.682+09:00  INFO 12684 --- [camtemBack] [restartedMain] c.c.camtemback.CamtemBackApplication     : Started CamtemBackApplication in 1.352 seconds (process running for 1.791)
2024-05-07T00:53:26.369+09:00  INFO 12684 --- [camtemBack] [http-nio-8080-exec-1] o.a.c.c.C.[Tomcat].[localhost].[/]       : Initializing Spring DispatcherServlet 'dispatcherServlet'
2024-05-07T00:53:26.370+09:00  INFO 12684 --- [camtemBack] [http-nio-8080-exec-1] o.s.web.servlet.DispatcherServlet        : Initializing Servlet 'dispatcherServlet'
2024-05-07T00:53:26.370+09:00  INFO 12684 --- [camtemBack] [http-nio-8080-exec-1] o.s.web.servlet.DispatcherServlet        : Completed initialization in 0 ms
2024-05-07T00:53:39.537+09:00  WARN 12684 --- [camtemBack] [http-nio-8080-exec-2] .w.s.m.s.DefaultHandlerExceptionResolver : Resolved [org.springframework.web.HttpRequestMethodNotSupportedException: Request method 'GET' is not supported]
